<?xml version="1.0" encoding="UTF-8"?>
<!-- Generated by org.testng.reporters.JUnitReportReporter -->
<testsuite hostname="LAPTOP-A5IMFISJ" failures="0" tests="3" name="dataProvide" time="0.021" errors="0" timestamp="2024-07-05T10:38:14 IST" skipped="0">
  <testcase classname="dataProvide" name="testcasedata" time="0.005"/>
  <testcase classname="dataProvide" name="testcasedata" time="0.004"/>
  <testcase classname="dataProvide" name="testcasedata" time="0.012"/>
</testsuite> <!-- dataProvide -->
